# JRE version: OpenJDK Runtime Environment (8.0_242-b01) (build 1.8.0_242-release-1644-b01)
# Java VM: OpenJDK 64-Bit Server VM (25.242-b01 mixed mode windows-amd64 compressed oops)
Heap:
 PSYoungGen      total 324096K, used 173961K [0x00000000d5580000, 0x00000000ecb80000, 0x0000000100000000)
  eden space 285184K, 60% used [0x00000000d5580000,0x00000000dff626d8,0x00000000e6c00000)
  from space 38912K, 0% used [0x00000000e9380000,0x00000000e9380000,0x00000000eb980000)
  to   space 40448K, 0% used [0x00000000e6c00000,0x00000000e6c00000,0x00000000e9380000)
 ParOldGen       total 321024K, used 82924K [0x0000000080000000, 0x0000000093980000, 0x00000000d5580000)
  object space 321024K, 25% used [0x0000000080000000,0x00000000850fb128,0x0000000093980000)
 Metaspace       used 92714K, capacity 98428K, committed 101836K, reserved 1136640K
  class space    used 12663K, capacity 13682K, committed 14848K, reserved 1048576K
GC Heap History (10 events):
Event: 9.145 GC heap before
{Heap before GC invocations=14 (full 3):
 PSYoungGen      total 231424K, used 212992K [0x00000000d5580000, 0x00000000e7700000, 0x0000000100000000)
  eden space 212992K, 100% used [0x00000000d5580000,0x00000000e2580000,0x00000000e2580000)
  from space 18432K, 0% used [0x00000000e3880000,0x00000000e3880000,0x00000000e4a80000)
  to   space 19456K, 0% used [0x00000000e2580000,0x00000000e2580000,0x00000000e3880000)
 ParOldGen       total 202752K, used 32455K [0x0000000080000000, 0x000000008c600000, 0x00000000d5580000)
  object space 202752K, 16% used [0x0000000080000000,0x0000000081fb1e88,0x000000008c600000)
 Metaspace       used 67376K, capacity 70898K, committed 71128K, reserved 1110016K
  class space    used 9239K, capacity 9890K, committed 9984K, reserved 1048576K
Event: 9.157 GC heap after
Heap after GC invocations=14 (full 3):
 PSYoungGen      total 232448K, used 19446K [0x00000000d5580000, 0x00000000e7d80000, 0x0000000100000000)
  eden space 212992K, 0% used [0x00000000d5580000,0x00000000d5580000,0x00000000e2580000)
  from space 19456K, 99% used [0x00000000e2580000,0x00000000e387dab8,0x00000000e3880000)
  to   space 24064K, 0% used [0x00000000e6600000,0x00000000e6600000,0x00000000e7d80000)
 ParOldGen       total 202752K, used 38396K [0x0000000080000000, 0x000000008c600000, 0x00000000d5580000)
  object space 202752K, 18% used [0x0000000080000000,0x000000008257f030,0x000000008c600000)
 Metaspace       used 67376K, capacity 70898K, committed 71128K, reserved 1110016K
  class space    used 9239K, capacity 9890K, committed 9984K, reserved 1048576K
}
Event: 12.070 GC heap before
{Heap before GC invocations=15 (full 3):
 PSYoungGen      total 232448K, used 232438K [0x00000000d5580000, 0x00000000e7d80000, 0x0000000100000000)
  eden space 212992K, 100% used [0x00000000d5580000,0x00000000e2580000,0x00000000e2580000)
  from space 19456K, 99% used [0x00000000e2580000,0x00000000e387dab8,0x00000000e3880000)
  to   space 24064K, 0% used [0x00000000e6600000,0x00000000e6600000,0x00000000e7d80000)
 ParOldGen       total 202752K, used 38396K [0x0000000080000000, 0x000000008c600000, 0x00000000d5580000)
  object space 202752K, 18% used [0x0000000080000000,0x000000008257f030,0x000000008c600000)
 Metaspace       used 72971K, capacity 76708K, committed 76888K, reserved 1116160K
  class space    used 9893K, capacity 10583K, committed 10624K, reserved 1048576K
Event: 12.083 GC heap after
Heap after GC invocations=15 (full 3):
 PSYoungGen      total 273920K, used 24050K [0x00000000d5580000, 0x00000000e7e80000, 0x0000000100000000)
  eden space 249856K, 0% used [0x00000000d5580000,0x00000000d5580000,0x00000000e4980000)
  from space 24064K, 99% used [0x00000000e6600000,0x00000000e7d7caa8,0x00000000e7d80000)
  to   space 27136K, 0% used [0x00000000e4980000,0x00000000e4980000,0x00000000e6400000)
 ParOldGen       total 202752K, used 38428K [0x0000000080000000, 0x000000008c600000, 0x00000000d5580000)
  object space 202752K, 18% used [0x0000000080000000,0x0000000082587030,0x000000008c600000)
 Metaspace       used 72971K, capacity 76708K, committed 76888K, reserved 1116160K
  class space    used 9893K, capacity 10583K, committed 10624K, reserved 1048576K
}
Event: 23.984 GC heap before
{Heap before GC invocations=16 (full 3):
 PSYoungGen      total 273920K, used 273906K [0x00000000d5580000, 0x00000000e7e80000, 0x0000000100000000)
  eden space 249856K, 100% used [0x00000000d5580000,0x00000000e4980000,0x00000000e4980000)
  from space 24064K, 99% used [0x00000000e6600000,0x00000000e7d7caa8,0x00000000e7d80000)
  to   space 27136K, 0% used [0x00000000e4980000,0x00000000e4980000,0x00000000e6400000)
 ParOldGen       total 202752K, used 38428K [0x0000000080000000, 0x000000008c600000, 0x00000000d5580000)
  object space 202752K, 18% used [0x0000000080000000,0x0000000082587030,0x000000008c600000)
 Metaspace       used 82437K, capacity 86600K, committed 86616K, reserved 1124352K
  class space    used 11135K, capacity 11894K, committed 11904K, reserved 1048576K
Event: 24.013 GC heap after
Heap after GC invocations=16 (full 3):
 PSYoungGen      total 276992K, used 27135K [0x00000000d5580000, 0x00000000eb980000, 0x0000000100000000)
  eden space 249856K, 0% used [0x00000000d5580000,0x00000000d5580000,0x00000000e4980000)
  from space 27136K, 99% used [0x00000000e4980000,0x00000000e63fffb8,0x00000000e6400000)
  to   space 38912K, 0% used [0x00000000e9380000,0x00000000e9380000,0x00000000eb980000)
 ParOldGen       total 202752K, used 60036K [0x0000000080000000, 0x000000008c600000, 0x00000000d5580000)
  object space 202752K, 29% used [0x0000000080000000,0x0000000083aa1298,0x000000008c600000)
 Metaspace       used 82437K, capacity 86600K, committed 86616K, reserved 1124352K
  class space    used 11135K, capacity 11894K, committed 11904K, reserved 1048576K
}
Event: 24.656 GC heap before
{Heap before GC invocations=17 (full 3):
 PSYoungGen      total 276992K, used 155949K [0x00000000d5580000, 0x00000000eb980000, 0x0000000100000000)
  eden space 249856K, 51% used [0x00000000d5580000,0x00000000dd34b778,0x00000000e4980000)
  from space 27136K, 99% used [0x00000000e4980000,0x00000000e63fffb8,0x00000000e6400000)
  to   space 38912K, 0% used [0x00000000e9380000,0x00000000e9380000,0x00000000eb980000)
 ParOldGen       total 202752K, used 60036K [0x0000000080000000, 0x000000008c600000, 0x00000000d5580000)
  object space 202752K, 29% used [0x0000000080000000,0x0000000083aa1298,0x000000008c600000)
 Metaspace       used 91007K, capacity 98266K, committed 98380K, reserved 1132544K
  class space    used 12899K, capacity 14403K, committed 14464K, reserved 1048576K
Event: 24.677 GC heap after
Heap after GC invocations=17 (full 3):
 PSYoungGen      total 324096K, used 27087K [0x00000000d5580000, 0x00000000ecb80000, 0x0000000100000000)
  eden space 285184K, 0% used [0x00000000d5580000,0x00000000d5580000,0x00000000e6c00000)
  from space 38912K, 69% used [0x00000000e9380000,0x00000000eadf3d48,0x00000000eb980000)
  to   space 40448K, 0% used [0x00000000e6c00000,0x00000000e6c00000,0x00000000e9380000)
 ParOldGen       total 202752K, used 69098K [0x0000000080000000, 0x000000008c600000, 0x00000000d5580000)
  object space 202752K, 34% used [0x0000000080000000,0x000000008437aa18,0x000000008c600000)
 Metaspace       used 91007K, capacity 98266K, committed 98380K, reserved 1132544K
  class space    used 12899K, capacity 14403K, committed 14464K, reserved 1048576K
}
Event: 24.677 GC heap before
{Heap before GC invocations=18 (full 4):
 PSYoungGen      total 324096K, used 27087K [0x00000000d5580000, 0x00000000ecb80000, 0x0000000100000000)
  eden space 285184K, 0% used [0x00000000d5580000,0x00000000d5580000,0x00000000e6c00000)
  from space 38912K, 69% used [0x00000000e9380000,0x00000000eadf3d48,0x00000000eb980000)
  to   space 40448K, 0% used [0x00000000e6c00000,0x00000000e6c00000,0x00000000e9380000)
 ParOldGen       total 202752K, used 69098K [0x0000000080000000, 0x000000008c600000, 0x00000000d5580000)
  object space 202752K, 34% used [0x0000000080000000,0x000000008437aa18,0x000000008c600000)
 Metaspace       used 91007K, capacity 98266K, committed 98380K, reserved 1132544K
  class space    used 12899K, capacity 14403K, committed 14464K, reserved 1048576K
Event: 24.791 GC heap after
Heap after GC invocations=18 (full 4):
 PSYoungGen      total 324096K, used 0K [0x00000000d5580000, 0x00000000ecb80000, 0x0000000100000000)
  eden space 285184K, 0% used [0x00000000d5580000,0x00000000d5580000,0x00000000e6c00000)
  from space 38912K, 0% used [0x00000000e9380000,0x00000000e9380000,0x00000000eb980000)
  to   space 40448K, 0% used [0x00000000e6c00000,0x00000000e6c00000,0x00000000e9380000)
 ParOldGen       total 321024K, used 82924K [0x0000000080000000, 0x0000000093980000, 0x00000000d5580000)
  object space 321024K, 25% used [0x0000000080000000,0x00000000850fb128,0x0000000093980000)
 Metaspace       used 88432K, capacity 92308K, committed 98380K, reserved 1132544K
  class space    used 11972K, capacity 12738K, committed 14464K, reserved 1048576K
}

