# JRE version: OpenJDK Runtime Environment (8.0_242-b01) (build 1.8.0_242-release-1644-b01)
# Java VM: OpenJDK 64-Bit Server VM (25.242-b01 mixed mode windows-amd64 compressed oops)
Heap:
 PSYoungGen      total 281088K, used 168877K [0x00000000d5580000, 0x00000000ed880000, 0x0000000100000000)
  eden space 245760K, 54% used [0x00000000d5580000,0x00000000dd7f1ad8,0x00000000e4580000)
  from space 35328K, 99% used [0x00000000e4580000,0x00000000e67f9a50,0x00000000e6800000)
  to   space 51712K, 0% used [0x00000000ea600000,0x00000000ea600000,0x00000000ed880000)
 ParOldGen       total 200704K, used 91717K [0x0000000080000000, 0x000000008c400000, 0x00000000d5580000)
  object space 200704K, 45% used [0x0000000080000000,0x00000000859917f0,0x000000008c400000)
 Metaspace       used 84975K, capacity 90193K, committed 90328K, reserved 1126400K
  class space    used 11493K, capacity 12452K, committed 12544K, reserved 1048576K
GC Heap History (10 events):
Event: 6.937 GC heap before
{Heap before GC invocations=12 (full 2):
 PSYoungGen      total 214528K, used 48800K [0x00000000d5580000, 0x00000000e4e80000, 0x0000000100000000)
  eden space 202752K, 18% used [0x00000000d5580000,0x00000000d79a8f60,0x00000000e1b80000)
  from space 11776K, 99% used [0x00000000e1b80000,0x00000000e26ff320,0x00000000e2700000)
  to   space 18432K, 0% used [0x00000000e3c80000,0x00000000e3c80000,0x00000000e4e80000)
 ParOldGen       total 132608K, used 29042K [0x0000000080000000, 0x0000000088180000, 0x00000000d5580000)
  object space 132608K, 21% used [0x0000000080000000,0x0000000081c5ca78,0x0000000088180000)
 Metaspace       used 56503K, capacity 58951K, committed 59028K, reserved 1099776K
  class space    used 7614K, capacity 8115K, committed 8192K, reserved 1048576K
Event: 6.945 GC heap after
Heap after GC invocations=12 (full 2):
 PSYoungGen      total 235520K, used 16190K [0x00000000d5580000, 0x00000000e7d80000, 0x0000000100000000)
  eden space 217088K, 0% used [0x00000000d5580000,0x00000000d5580000,0x00000000e2980000)
  from space 18432K, 87% used [0x00000000e3c80000,0x00000000e4c4f800,0x00000000e4e80000)
  to   space 19456K, 0% used [0x00000000e2980000,0x00000000e2980000,0x00000000e3c80000)
 ParOldGen       total 132608K, used 29050K [0x0000000080000000, 0x0000000088180000, 0x00000000d5580000)
  object space 132608K, 21% used [0x0000000080000000,0x0000000081c5ea78,0x0000000088180000)
 Metaspace       used 56503K, capacity 58951K, committed 59028K, reserved 1099776K
  class space    used 7614K, capacity 8115K, committed 8192K, reserved 1048576K
}
Event: 6.945 GC heap before
{Heap before GC invocations=13 (full 3):
 PSYoungGen      total 235520K, used 16190K [0x00000000d5580000, 0x00000000e7d80000, 0x0000000100000000)
  eden space 217088K, 0% used [0x00000000d5580000,0x00000000d5580000,0x00000000e2980000)
  from space 18432K, 87% used [0x00000000e3c80000,0x00000000e4c4f800,0x00000000e4e80000)
  to   space 19456K, 0% used [0x00000000e2980000,0x00000000e2980000,0x00000000e3c80000)
 ParOldGen       total 132608K, used 29050K [0x0000000080000000, 0x0000000088180000, 0x00000000d5580000)
  object space 132608K, 21% used [0x0000000080000000,0x0000000081c5ea78,0x0000000088180000)
 Metaspace       used 56503K, capacity 58951K, committed 59028K, reserved 1099776K
  class space    used 7614K, capacity 8115K, committed 8192K, reserved 1048576K
Event: 7.092 GC heap after
Heap after GC invocations=13 (full 3):
 PSYoungGen      total 235520K, used 0K [0x00000000d5580000, 0x00000000e7d80000, 0x0000000100000000)
  eden space 217088K, 0% used [0x00000000d5580000,0x00000000d5580000,0x00000000e2980000)
  from space 18432K, 0% used [0x00000000e3c80000,0x00000000e3c80000,0x00000000e4e80000)
  to   space 19456K, 0% used [0x00000000e2980000,0x00000000e2980000,0x00000000e3c80000)
 ParOldGen       total 200704K, used 32438K [0x0000000080000000, 0x000000008c400000, 0x00000000d5580000)
  object space 200704K, 16% used [0x0000000080000000,0x0000000081fad838,0x000000008c400000)
 Metaspace       used 56418K, capacity 58663K, committed 59028K, reserved 1099776K
  class space    used 7587K, capacity 8067K, committed 8192K, reserved 1048576K
}
Event: 8.634 GC heap before
{Heap before GC invocations=14 (full 3):
 PSYoungGen      total 235520K, used 217088K [0x00000000d5580000, 0x00000000e7d80000, 0x0000000100000000)
  eden space 217088K, 100% used [0x00000000d5580000,0x00000000e2980000,0x00000000e2980000)
  from space 18432K, 0% used [0x00000000e3c80000,0x00000000e3c80000,0x00000000e4e80000)
  to   space 19456K, 0% used [0x00000000e2980000,0x00000000e2980000,0x00000000e3c80000)
 ParOldGen       total 200704K, used 32438K [0x0000000080000000, 0x000000008c400000, 0x00000000d5580000)
  object space 200704K, 16% used [0x0000000080000000,0x0000000081fad838,0x000000008c400000)
 Metaspace       used 66657K, capacity 70001K, committed 70232K, reserved 1110016K
  class space    used 9119K, capacity 9730K, committed 9856K, reserved 1048576K
Event: 8.647 GC heap after
Heap after GC invocations=14 (full 3):
 PSYoungGen      total 236544K, used 19429K [0x00000000d5580000, 0x00000000e7d80000, 0x0000000100000000)
  eden space 217088K, 0% used [0x00000000d5580000,0x00000000d5580000,0x00000000e2980000)
  from space 19456K, 99% used [0x00000000e2980000,0x00000000e3c79628,0x00000000e3c80000)
  to   space 22016K, 0% used [0x00000000e6800000,0x00000000e6800000,0x00000000e7d80000)
 ParOldGen       total 200704K, used 32719K [0x0000000080000000, 0x000000008c400000, 0x00000000d5580000)
  object space 200704K, 16% used [0x0000000080000000,0x0000000081ff3fe0,0x000000008c400000)
 Metaspace       used 66657K, capacity 70001K, committed 70232K, reserved 1110016K
  class space    used 9119K, capacity 9730K, committed 9856K, reserved 1048576K
}
Event: 9.706 GC heap before
{Heap before GC invocations=15 (full 3):
 PSYoungGen      total 236544K, used 236517K [0x00000000d5580000, 0x00000000e7d80000, 0x0000000100000000)
  eden space 217088K, 100% used [0x00000000d5580000,0x00000000e2980000,0x00000000e2980000)
  from space 19456K, 99% used [0x00000000e2980000,0x00000000e3c79628,0x00000000e3c80000)
  to   space 22016K, 0% used [0x00000000e6800000,0x00000000e6800000,0x00000000e7d80000)
 ParOldGen       total 200704K, used 32719K [0x0000000080000000, 0x000000008c400000, 0x00000000d5580000)
  object space 200704K, 16% used [0x0000000080000000,0x0000000081ff3fe0,0x000000008c400000)
 Metaspace       used 74498K, capacity 78401K, committed 78552K, reserved 1116160K
  class space    used 10203K, capacity 10934K, committed 11008K, reserved 1048576K
Event: 9.726 GC heap after
Heap after GC invocations=15 (full 3):
 PSYoungGen      total 267776K, used 22010K [0x00000000d5580000, 0x00000000e9900000, 0x0000000100000000)
  eden space 245760K, 0% used [0x00000000d5580000,0x00000000d5580000,0x00000000e4580000)
  from space 22016K, 99% used [0x00000000e6800000,0x00000000e7d7e8f0,0x00000000e7d80000)
  to   space 35328K, 0% used [0x00000000e4580000,0x00000000e4580000,0x00000000e6800000)
 ParOldGen       total 200704K, used 61738K [0x0000000080000000, 0x000000008c400000, 0x00000000d5580000)
  object space 200704K, 30% used [0x0000000080000000,0x0000000083c4a920,0x000000008c400000)
 Metaspace       used 74498K, capacity 78401K, committed 78552K, reserved 1116160K
  class space    used 10203K, capacity 10934K, committed 11008K, reserved 1048576K
}
Event: 11.610 GC heap before
{Heap before GC invocations=16 (full 3):
 PSYoungGen      total 267776K, used 264076K [0x00000000d5580000, 0x00000000e9900000, 0x0000000100000000)
  eden space 245760K, 98% used [0x00000000d5580000,0x00000000e41e4a28,0x00000000e4580000)
  from space 22016K, 99% used [0x00000000e6800000,0x00000000e7d7e8f0,0x00000000e7d80000)
  to   space 35328K, 0% used [0x00000000e4580000,0x00000000e4580000,0x00000000e6800000)
 ParOldGen       total 200704K, used 61738K [0x0000000080000000, 0x000000008c400000, 0x00000000d5580000)
  object space 200704K, 30% used [0x0000000080000000,0x0000000083c4a920,0x000000008c400000)
 Metaspace       used 80611K, capacity 85647K, committed 85848K, reserved 1122304K
  class space    used 11168K, capacity 12081K, committed 12160K, reserved 1048576K
Event: 11.634 GC heap after
Heap after GC invocations=16 (full 3):
 PSYoungGen      total 281088K, used 35302K [0x00000000d5580000, 0x00000000ed880000, 0x0000000100000000)
  eden space 245760K, 0% used [0x00000000d5580000,0x00000000d5580000,0x00000000e4580000)
  from space 35328K, 99% used [0x00000000e4580000,0x00000000e67f9a50,0x00000000e6800000)
  to   space 51712K, 0% used [0x00000000ea600000,0x00000000ea600000,0x00000000ed880000)
 ParOldGen       total 200704K, used 91717K [0x0000000080000000, 0x000000008c400000, 0x00000000d5580000)
  object space 200704K, 45% used [0x0000000080000000,0x00000000859917f0,0x000000008c400000)
 Metaspace       used 80611K, capacity 85647K, committed 85848K, reserved 1122304K
  class space    used 11168K, capacity 12081K, committed 12160K, reserved 1048576K
}

