# JRE version: OpenJDK Runtime Environment (8.0_242-b01) (build 1.8.0_242-release-1644-b01)
# Java VM: OpenJDK 64-Bit Server VM (25.242-b01 mixed mode windows-amd64 compressed oops)
Heap:
 PSYoungGen      total 389632K, used 347232K [0x00000000d5580000, 0x00000000f1600000, 0x0000000100000000)
  eden space 341504K, 91% used [0x00000000d5580000,0x00000000e8833498,0x00000000ea300000)
  from space 48128K, 69% used [0x00000000ee700000,0x00000000f076f960,0x00000000f1600000)
  to   space 58880K, 0% used [0x00000000ea300000,0x00000000ea300000,0x00000000edc80000)
 ParOldGen       total 331776K, used 138686K [0x0000000080000000, 0x0000000094400000, 0x00000000d5580000)
  object space 331776K, 41% used [0x0000000080000000,0x000000008876f9d8,0x0000000094400000)
 Metaspace       used 124684K, capacity 136092K, committed 136396K, reserved 1167360K
  class space    used 16458K, capacity 18335K, committed 18432K, reserved 1048576K
GC Heap History (10 events):
Event: 383.991 GC heap before
{Heap before GC invocations=22 (full 4):
 PSYoungGen      total 410624K, used 362159K [0x00000000d5580000, 0x00000000f4700000, 0x0000000100000000)
  eden space 351744K, 100% used [0x00000000d5580000,0x00000000ead00000,0x00000000ead00000)
  from space 58880K, 17% used [0x00000000ead00000,0x00000000eb72bf00,0x00000000ee680000)
  to   space 57856K, 0% used [0x00000000f0e80000,0x00000000f0e80000,0x00000000f4700000)
 ParOldGen       total 331776K, used 138638K [0x0000000080000000, 0x0000000094400000, 0x00000000d5580000)
  object space 331776K, 41% used [0x0000000080000000,0x00000000887639d8,0x0000000094400000)
 Metaspace       used 102379K, capacity 109442K, committed 110924K, reserved 1144832K
  class space    used 13500K, capacity 14719K, committed 15488K, reserved 1048576K
Event: 383.998 GC heap after
Heap after GC invocations=22 (full 4):
 PSYoungGen      total 433152K, used 10657K [0x00000000d5580000, 0x00000000f3c80000, 0x0000000100000000)
  eden space 386048K, 0% used [0x00000000d5580000,0x00000000d5580000,0x00000000ece80000)
  from space 47104K, 22% used [0x00000000f0e80000,0x00000000f18e8700,0x00000000f3c80000)
  to   space 56320K, 0% used [0x00000000ece80000,0x00000000ece80000,0x00000000f0580000)
 ParOldGen       total 331776K, used 138646K [0x0000000080000000, 0x0000000094400000, 0x00000000d5580000)
  object space 331776K, 41% used [0x0000000080000000,0x00000000887659d8,0x0000000094400000)
 Metaspace       used 102379K, capacity 109442K, committed 110924K, reserved 1144832K
  class space    used 13500K, capacity 14719K, committed 15488K, reserved 1048576K
}
Event: 560.439 GC heap before
{Heap before GC invocations=23 (full 4):
 PSYoungGen      total 433152K, used 396705K [0x00000000d5580000, 0x00000000f3c80000, 0x0000000100000000)
  eden space 386048K, 100% used [0x00000000d5580000,0x00000000ece80000,0x00000000ece80000)
  from space 47104K, 22% used [0x00000000f0e80000,0x00000000f18e8700,0x00000000f3c80000)
  to   space 56320K, 0% used [0x00000000ece80000,0x00000000ece80000,0x00000000f0580000)
 ParOldGen       total 331776K, used 138646K [0x0000000080000000, 0x0000000094400000, 0x00000000d5580000)
  object space 331776K, 41% used [0x0000000080000000,0x00000000887659d8,0x0000000094400000)
 Metaspace       used 112024K, capacity 120566K, committed 121548K, reserved 1155072K
  class space    used 14751K, capacity 16190K, committed 16640K, reserved 1048576K
Event: 560.451 GC heap after
Heap after GC invocations=23 (full 4):
 PSYoungGen      total 394240K, used 19497K [0x00000000d5580000, 0x00000000f2a00000, 0x0000000100000000)
  eden space 374272K, 0% used [0x00000000d5580000,0x00000000d5580000,0x00000000ec300000)
  from space 19968K, 97% used [0x00000000ece80000,0x00000000ee18a660,0x00000000ee200000)
  to   space 52736K, 0% used [0x00000000ef680000,0x00000000ef680000,0x00000000f2a00000)
 ParOldGen       total 331776K, used 138662K [0x0000000080000000, 0x0000000094400000, 0x00000000d5580000)
  object space 331776K, 41% used [0x0000000080000000,0x00000000887699d8,0x0000000094400000)
 Metaspace       used 112024K, capacity 120566K, committed 121548K, reserved 1155072K
  class space    used 14751K, capacity 16190K, committed 16640K, reserved 1048576K
}
Event: 567.413 GC heap before
{Heap before GC invocations=24 (full 4):
 PSYoungGen      total 394240K, used 393769K [0x00000000d5580000, 0x00000000f2a00000, 0x0000000100000000)
  eden space 374272K, 100% used [0x00000000d5580000,0x00000000ec300000,0x00000000ec300000)
  from space 19968K, 97% used [0x00000000ece80000,0x00000000ee18a660,0x00000000ee200000)
  to   space 52736K, 0% used [0x00000000ef680000,0x00000000ef680000,0x00000000f2a00000)
 ParOldGen       total 331776K, used 138662K [0x0000000080000000, 0x0000000094400000, 0x00000000d5580000)
  object space 331776K, 41% used [0x0000000080000000,0x00000000887699d8,0x0000000094400000)
 Metaspace       used 120382K, capacity 129534K, committed 129996K, reserved 1161216K
  class space    used 15882K, capacity 17451K, committed 17664K, reserved 1048576K
Event: 567.429 GC heap after
Heap after GC invocations=24 (full 4):
 PSYoungGen      total 412672K, used 40144K [0x00000000d5580000, 0x00000000f2700000, 0x0000000100000000)
  eden space 363008K, 0% used [0x00000000d5580000,0x00000000d5580000,0x00000000eb800000)
  from space 49664K, 80% used [0x00000000ef680000,0x00000000f1db4138,0x00000000f2700000)
  to   space 56832K, 0% used [0x00000000eb800000,0x00000000eb800000,0x00000000eef80000)
 ParOldGen       total 331776K, used 138670K [0x0000000080000000, 0x0000000094400000, 0x00000000d5580000)
  object space 331776K, 41% used [0x0000000080000000,0x000000008876b9d8,0x0000000094400000)
 Metaspace       used 120382K, capacity 129534K, committed 129996K, reserved 1161216K
  class space    used 15882K, capacity 17451K, committed 17664K, reserved 1048576K
}
Event: 599.693 GC heap before
{Heap before GC invocations=25 (full 4):
 PSYoungGen      total 412672K, used 403152K [0x00000000d5580000, 0x00000000f2700000, 0x0000000100000000)
  eden space 363008K, 100% used [0x00000000d5580000,0x00000000eb800000,0x00000000eb800000)
  from space 49664K, 80% used [0x00000000ef680000,0x00000000f1db4138,0x00000000f2700000)
  to   space 56832K, 0% used [0x00000000eb800000,0x00000000eb800000,0x00000000eef80000)
 ParOldGen       total 331776K, used 138670K [0x0000000080000000, 0x0000000094400000, 0x00000000d5580000)
  object space 331776K, 41% used [0x0000000080000000,0x000000008876b9d8,0x0000000094400000)
 Metaspace       used 123026K, capacity 132726K, committed 132812K, reserved 1165312K
  class space    used 16215K, capacity 17886K, committed 17920K, reserved 1048576K
Event: 599.706 GC heap after
Heap after GC invocations=25 (full 4):
 PSYoungGen      total 390656K, used 37903K [0x00000000d5580000, 0x00000000f2080000, 0x0000000100000000)
  eden space 352256K, 0% used [0x00000000d5580000,0x00000000d5580000,0x00000000ead80000)
  from space 38400K, 98% used [0x00000000eb800000,0x00000000edd03fd8,0x00000000edd80000)
  to   space 58880K, 0% used [0x00000000ee700000,0x00000000ee700000,0x00000000f2080000)
 ParOldGen       total 331776K, used 138678K [0x0000000080000000, 0x0000000094400000, 0x00000000d5580000)
  object space 331776K, 41% used [0x0000000080000000,0x000000008876d9d8,0x0000000094400000)
 Metaspace       used 123026K, capacity 132726K, committed 132812K, reserved 1165312K
  class space    used 16215K, capacity 17886K, committed 17920K, reserved 1048576K
}
Event: 665.935 GC heap before
{Heap before GC invocations=26 (full 4):
 PSYoungGen      total 390656K, used 390159K [0x00000000d5580000, 0x00000000f2080000, 0x0000000100000000)
  eden space 352256K, 100% used [0x00000000d5580000,0x00000000ead80000,0x00000000ead80000)
  from space 38400K, 98% used [0x00000000eb800000,0x00000000edd03fd8,0x00000000edd80000)
  to   space 58880K, 0% used [0x00000000ee700000,0x00000000ee700000,0x00000000f2080000)
 ParOldGen       total 331776K, used 138678K [0x0000000080000000, 0x0000000094400000, 0x00000000d5580000)
  object space 331776K, 41% used [0x0000000080000000,0x000000008876d9d8,0x0000000094400000)
 Metaspace       used 124388K, capacity 135632K, committed 135756K, reserved 1167360K
  class space    used 16435K, capacity 18293K, committed 18304K, reserved 1048576K
Event: 665.949 GC heap after
Heap after GC invocations=26 (full 4):
 PSYoungGen      total 389632K, used 33214K [0x00000000d5580000, 0x00000000f1600000, 0x0000000100000000)
  eden space 341504K, 0% used [0x00000000d5580000,0x00000000d5580000,0x00000000ea300000)
  from space 48128K, 69% used [0x00000000ee700000,0x00000000f076f960,0x00000000f1600000)
  to   space 58880K, 0% used [0x00000000ea300000,0x00000000ea300000,0x00000000edc80000)
 ParOldGen       total 331776K, used 138686K [0x0000000080000000, 0x0000000094400000, 0x00000000d5580000)
  object space 331776K, 41% used [0x0000000080000000,0x000000008876f9d8,0x0000000094400000)
 Metaspace       used 124388K, capacity 135632K, committed 135756K, reserved 1167360K
  class space    used 16435K, capacity 18293K, committed 18304K, reserved 1048576K
}

